<?xml version="1.0" encoding="UTF-8"?>
<!-- Generated by org.testng.reporters.JUnitXMLReporter -->
<testsuite ignored="0" hostname="FIT-HienHT2" failures="0" tests="3" name="Default test" time="27.226" errors="0" timestamp="19 May 2021 07:04:12 GMT">
  <testcase classname="com.nopcommerce.users.Level_02_Register_Login_AbstractPage_01" name="LevelTC01_Register" time="8.158"/>
  <testcase classname="com.nopcommerce.users.Level_02_Register_Login_AbstractPage_01" name="LevelTC02_Login" time="3.16"/>
  <testcase classname="com.nopcommerce.users.Level_02_Register_Login_AbstractPage_01" name="LevelTC03_View_MyAccount" time="1.992"/>
</testsuite> <!-- Default test -->
