<?xml version="1.0" encoding="UTF-8"?>
<!-- Generated by org.testng.reporters.JUnitXMLReporter -->
<testsuite ignored="0" hostname="FIT-HienHT2" failures="0" tests="2" name="Run on Firefox UI" time="38.073" errors="0" timestamp="18 Jun 2021 07:44:56 GMT">
  <testcase classname="com.nopcommerce.users.Level_12_Register_Login_Element_Undispalyed" name="LevelTC01_Register" time="6.62"/>
  <testcase classname="com.nopcommerce.users.Level_12_Register_Login_Element_Undispalyed" name="LevelTC02_Login" time="23.362"/>
</testsuite> <!-- Run on Firefox UI -->
