<?xml version="1.0" encoding="UTF-8"?>
<!-- Generated by org.testng.reporters.JUnitXMLReporter -->
<testsuite ignored="0" hostname="FIT-HienHT2" failures="0" tests="3" name="Run on Chrome UI" time="20.741" errors="0" timestamp="21 May 2021 01:54:21 GMT">
  <testcase classname="com.nopcommerce.users.Level_04_Register_Login_MultiBrowser" name="LevelTC01_Register" time="10.419"/>
  <testcase classname="com.nopcommerce.users.Level_04_Register_Login_MultiBrowser" name="LevelTC02_Login" time="4.183"/>
  <testcase classname="com.nopcommerce.users.Level_04_Register_Login_MultiBrowser" name="LevelTC03_View_MyAccount" time="1.714"/>
</testsuite> <!-- Run on Chrome UI -->
