<?xml version="1.0" encoding="UTF-8"?>
<!-- Generated by org.testng.reporters.JUnitXMLReporter -->
<testsuite ignored="0" hostname="FIT-HienHT2" failures="0" tests="2" name="Run on Chrome UI" time="39.899" errors="0" timestamp="18 Jun 2021 07:45:36 GMT">
  <testcase classname="com.nopcommerce.users.Level_12_Register_Login_Element_Undispalyed" name="LevelTC01_Register" time="10.041"/>
  <testcase classname="com.nopcommerce.users.Level_12_Register_Login_Element_Undispalyed" name="LevelTC02_Login" time="24.643"/>
</testsuite> <!-- Run on Chrome UI -->
