<?xml version="1.0" encoding="UTF-8"?>
<!-- Generated by org.testng.reporters.JUnitXMLReporter -->
<testsuite ignored="0" hostname="FIT-HienHT2" failures="0" tests="9" name="Run on FireFox" time="56.409" errors="0" timestamp="19 May 2021 07:14:20 GMT">
  <testcase classname="com.nopcommerce.users.Level_01_Register_Login" name="LevelTC01_Register" time="6.997"/>
  <testcase classname="com.nopcommerce.users.Level_01_Register_Login" name="LevelTC02_Login" time="3.099"/>
  <testcase classname="com.nopcommerce.users.Level_01_Register_Login" name="LevelTC03_View_MyAccount" time="1.99"/>
  <testcase classname="com.nopcommerce.users.Level_02_Register_Login_AbstractPage_01" name="LevelTC01_Register" time="6.828"/>
  <testcase classname="com.nopcommerce.users.Level_02_Register_Login_AbstractPage_01" name="LevelTC02_Login" time="2.162"/>
  <testcase classname="com.nopcommerce.users.Level_02_Register_Login_AbstractPage_01" name="LevelTC03_View_MyAccount" time="2.083"/>
  <testcase classname="com.nopcommerce.users.Level_02_Register_Login_AbstractPage_3" name="LevelTC01_Register" time="6.041"/>
  <testcase classname="com.nopcommerce.users.Level_02_Register_Login_AbstractPage_3" name="LevelTC02_Login" time="2.402"/>
  <testcase classname="com.nopcommerce.users.Level_02_Register_Login_AbstractPage_3" name="LevelTC03_View_MyAccount" time="0.939"/>
</testsuite> <!-- Run on FireFox -->
