<?xml version="1.0" encoding="UTF-8"?>
<!-- Generated by org.testng.reporters.JUnitXMLReporter -->
<testsuite ignored="0" hostname="FIT-HienHT2" failures="0" tests="3" name="Run on Firefox UI" time="22.527" errors="0" timestamp="21 May 2021 01:54:00 GMT">
  <testcase classname="com.nopcommerce.users.Level_04_Register_Login_MultiBrowser" name="LevelTC01_Register" time="7.278"/>
  <testcase classname="com.nopcommerce.users.Level_04_Register_Login_MultiBrowser" name="LevelTC02_Login" time="3.129"/>
  <testcase classname="com.nopcommerce.users.Level_04_Register_Login_MultiBrowser" name="LevelTC03_View_MyAccount" time="1.235"/>
</testsuite> <!-- Run on Firefox UI -->
