<?xml version="1.0" encoding="UTF-8"?>
<!-- Generated by org.testng.reporters.JUnitXMLReporter -->
<testsuite ignored="0" hostname="FIT-HienHT2" failures="0" tests="12" name="Test" time="78.282" errors="0" timestamp="20 May 2021 03:39:11 GMT">
  <testcase classname="com.nopcommerce.users.Level_01_Register_Login" name="LevelTC01_Register" time="6.916"/>
  <testcase classname="com.nopcommerce.users.Level_01_Register_Login" name="LevelTC02_Login" time="2.108"/>
  <testcase classname="com.nopcommerce.users.Level_01_Register_Login" name="LevelTC03_View_MyAccount" time="1.113"/>
  <testcase classname="com.nopcommerce.users.Level_02_Register_Login_AbstractPage_01" name="LevelTC01_Register" time="8.203"/>
  <testcase classname="com.nopcommerce.users.Level_02_Register_Login_AbstractPage_01" name="LevelTC02_Login" time="2.177"/>
  <testcase classname="com.nopcommerce.users.Level_02_Register_Login_AbstractPage_01" name="LevelTC03_View_MyAccount" time="2.033"/>
  <testcase classname="com.nopcommerce.users.Level_02_Register_Login_AbstractPage_3" name="LevelTC01_Register" time="7.593"/>
  <testcase classname="com.nopcommerce.users.Level_02_Register_Login_AbstractPage_3" name="LevelTC02_Login" time="2.897"/>
  <testcase classname="com.nopcommerce.users.Level_02_Register_Login_AbstractPage_3" name="LevelTC03_View_MyAccount" time="1.079"/>
  <testcase classname="com.nopcommerce.users.Level_03_Register_Login_Page_Oject" name="LevelTC01_Register" time="7.594"/>
  <testcase classname="com.nopcommerce.users.Level_03_Register_Login_Page_Oject" name="LevelTC02_Login" time="2.25"/>
  <testcase classname="com.nopcommerce.users.Level_03_Register_Login_Page_Oject" name="LevelTC03_View_MyAccount" time="1.976"/>
</testsuite> <!-- Test -->
